<?xml version="1.0" encoding="UTF-8"?>
<testsuite name="com.githubactions.githubactions.GithubactionsApplicationTests" tests="1" skipped="0" failures="0" errors="0" timestamp="2021-06-28T00:47:24" hostname="MacBook-Pro.fios-router.home" time="0.186">
  <properties/>
  <testcase name="contextLoads()" classname="com.githubactions.githubactions.GithubactionsApplicationTests" time="0.186"/>
  <system-out><![CDATA[20:47:23.534 [Test worker] DEBUG org.springframework.test.context.BootstrapUtils - Instantiating CacheAwareContextLoaderDelegate from class [org.springframework.test.context.cache.DefaultCacheAwareContextLoaderDelegate]
20:47:23.543 [Test worker] DEBUG org.springframework.test.context.BootstrapUtils - Instantiating BootstrapContext using constructor [public org.springframework.test.context.support.DefaultBootstrapContext(java.lang.Class,org.springframework.test.context.CacheAwareContextLoaderDelegate)]
20:47:23.569 [Test worker] DEBUG org.springframework.test.context.BootstrapUtils - Instantiating TestContextBootstrapper for test class [com.githubactions.githubactions.GithubactionsApplicationTests] from class [org.springframework.boot.test.context.SpringBootTestContextBootstrapper]
20:47:23.577 [Test worker] INFO org.springframework.boot.test.context.SpringBootTestContextBootstrapper - Neither @ContextConfiguration nor @ContextHierarchy found for test class [com.githubactions.githubactions.GithubactionsApplicationTests], using SpringBootContextLoader
20:47:23.580 [Test worker] DEBUG org.springframework.test.context.support.AbstractContextLoader - Did not detect default resource location for test class [com.githubactions.githubactions.GithubactionsApplicationTests]: class path resource [com/githubactions/githubactions/GithubactionsApplicationTests-context.xml] does not exist
20:47:23.581 [Test worker] DEBUG org.springframework.test.context.support.AbstractContextLoader - Did not detect default resource location for test class [com.githubactions.githubactions.GithubactionsApplicationTests]: class path resource [com/githubactions/githubactions/GithubactionsApplicationTestsContext.groovy] does not exist
20:47:23.581 [Test worker] INFO org.springframework.test.context.support.AbstractContextLoader - Could not detect default resource locations for test class [com.githubactions.githubactions.GithubactionsApplicationTests]: no resource found for suffixes {-context.xml, Context.groovy}.
20:47:23.582 [Test worker] INFO org.springframework.test.context.support.AnnotationConfigContextLoaderUtils - Could not detect default configuration classes for test class [com.githubactions.githubactions.GithubactionsApplicationTests]: GithubactionsApplicationTests does not declare any static, non-private, non-final, nested classes annotated with @Configuration.
20:47:23.610 [Test worker] DEBUG org.springframework.test.context.support.ActiveProfilesUtils - Could not find an 'annotation declaring class' for annotation type [org.springframework.test.context.ActiveProfiles] and class [com.githubactions.githubactions.GithubactionsApplicationTests]
20:47:23.645 [Test worker] DEBUG org.springframework.context.annotation.ClassPathScanningCandidateComponentProvider - Identified candidate component class: file [/Users/murali/Documents/git/github-actions/build/classes/java/main/com/githubactions/githubactions/GithubactionsApplication.class]
20:47:23.645 [Test worker] INFO org.springframework.boot.test.context.SpringBootTestContextBootstrapper - Found @SpringBootConfiguration com.githubactions.githubactions.GithubactionsApplication for test class com.githubactions.githubactions.GithubactionsApplicationTests
20:47:23.713 [Test worker] DEBUG org.springframework.boot.test.context.SpringBootTestContextBootstrapper - @TestExecutionListeners is not present for class [com.githubactions.githubactions.GithubactionsApplicationTests]: using defaults.
20:47:23.714 [Test worker] INFO org.springframework.boot.test.context.SpringBootTestContextBootstrapper - Loaded default TestExecutionListener class names from location [META-INF/spring.factories]: [org.springframework.boot.test.autoconfigure.restdocs.RestDocsTestExecutionListener, org.springframework.boot.test.autoconfigure.web.client.MockRestServiceServerResetTestExecutionListener, org.springframework.boot.test.autoconfigure.web.servlet.MockMvcPrintOnlyOnFailureTestExecutionListener, org.springframework.boot.test.autoconfigure.web.servlet.WebDriverTestExecutionListener, org.springframework.boot.test.autoconfigure.webservices.client.MockWebServiceServerTestExecutionListener, org.springframework.boot.test.mock.mockito.MockitoTestExecutionListener, org.springframework.boot.test.mock.mockito.ResetMocksTestExecutionListener, org.springframework.test.context.web.ServletTestExecutionListener, org.springframework.test.context.support.DirtiesContextBeforeModesTestExecutionListener, org.springframework.test.context.event.ApplicationEventsTestExecutionListener, org.springframework.test.context.support.DependencyInjectionTestExecutionListener, org.springframework.test.context.support.DirtiesContextTestExecutionListener, org.springframework.test.context.transaction.TransactionalTestExecutionListener, org.springframework.test.context.jdbc.SqlScriptsTestExecutionListener, org.springframework.test.context.event.EventPublishingTestExecutionListener]
20:47:23.722 [Test worker] DEBUG org.springframework.boot.test.context.SpringBootTestContextBootstrapper - Skipping candidate TestExecutionListener [org.springframework.test.context.transaction.TransactionalTestExecutionListener] due to a missing dependency. Specify custom listener classes or make the default listener classes and their required dependencies available. Offending class: [org/springframework/transaction/TransactionDefinition]
20:47:23.722 [Test worker] DEBUG org.springframework.boot.test.context.SpringBootTestContextBootstrapper - Skipping candidate TestExecutionListener [org.springframework.test.context.jdbc.SqlScriptsTestExecutionListener] due to a missing dependency. Specify custom listener classes or make the default listener classes and their required dependencies available. Offending class: [org/springframework/transaction/interceptor/TransactionAttribute]
20:47:23.722 [Test worker] INFO org.springframework.boot.test.context.SpringBootTestContextBootstrapper - Using TestExecutionListeners: [org.springframework.test.context.web.ServletTestExecutionListener@50b5c4cc, org.springframework.test.context.support.DirtiesContextBeforeModesTestExecutionListener@3e7c4f90, org.springframework.test.context.event.ApplicationEventsTestExecutionListener@e27ad15, org.springframework.boot.test.mock.mockito.MockitoTestExecutionListener@2cf98870, org.springframework.boot.test.autoconfigure.SpringBootDependencyInjectionTestExecutionListener@5294aa87, org.springframework.test.context.support.DirtiesContextTestExecutionListener@ec86f8a, org.springframework.test.context.event.EventPublishingTestExecutionListener@3db42443, org.springframework.boot.test.autoconfigure.restdocs.RestDocsTestExecutionListener@5d6e918d, org.springframework.boot.test.autoconfigure.web.client.MockRestServiceServerResetTestExecutionListener@2a59c835, org.springframework.boot.test.autoconfigure.web.servlet.MockMvcPrintOnlyOnFailureTestExecutionListener@67a056cb, org.springframework.boot.test.autoconfigure.web.servlet.WebDriverTestExecutionListener@7baae040, org.springframework.boot.test.autoconfigure.webservices.client.MockWebServiceServerTestExecutionListener@5261f441, org.springframework.boot.test.mock.mockito.ResetMocksTestExecutionListener@361d8658]
20:47:23.725 [Test worker] DEBUG org.springframework.test.context.support.AbstractDirtiesContextTestExecutionListener - Before test class: context [DefaultTestContext@560bc213 testClass = GithubactionsApplicationTests, testInstance = [null], testMethod = [null], testException = [null], mergedContextConfiguration = [WebMergedContextConfiguration@26b8e15e testClass = GithubactionsApplicationTests, locations = '{}', classes = '{class com.githubactions.githubactions.GithubactionsApplication}', contextInitializerClasses = '[]', activeProfiles = '{}', propertySourceLocations = '{}', propertySourceProperties = '{org.springframework.boot.test.context.SpringBootTestContextBootstrapper=true}', contextCustomizers = set[org.springframework.boot.test.autoconfigure.actuate.metrics.MetricsExportContextCustomizerFactory$DisableMetricExportContextCustomizer@3cd66700, org.springframework.boot.test.autoconfigure.properties.PropertyMappingContextCustomizer@0, org.springframework.boot.test.autoconfigure.web.servlet.WebDriverContextCustomizerFactory$Customizer@56c71191, org.springframework.boot.test.context.filter.ExcludeFilterContextCustomizer@19d388bc, org.springframework.boot.test.json.DuplicateJsonObjectContextCustomizerFactory$DuplicateJsonObjectContextCustomizer@1496bc14, org.springframework.boot.test.mock.mockito.MockitoContextCustomizer@0, org.springframework.boot.test.web.client.TestRestTemplateContextCustomizer@32d8862a, org.springframework.boot.test.context.SpringBootTestArgs@1, org.springframework.boot.test.context.SpringBootTestWebEnvironment@1aae312a], resourceBasePath = 'src/main/webapp', contextLoader = 'org.springframework.boot.test.context.SpringBootContextLoader', parent = [null]], attributes = map['org.springframework.test.context.web.ServletTestExecutionListener.activateListener' -> true]], class annotated with @DirtiesContext [false] with mode [null].
20:47:23.747 [Test worker] DEBUG org.springframework.test.context.support.TestPropertySourceUtils - Adding inlined properties to environment: {spring.jmx.enabled=false, org.springframework.boot.test.context.SpringBootTestContextBootstrapper=true}

  .   ____          _            __ _ _
 /\\ / ___'_ __ _ _(_)_ __  __ _ \ \ \ \
( ( )\___ | '_ | '_| | '_ \/ _` | \ \ \ \
 \\/  ___)| |_)| | | | | || (_| |  ) ) ) )
  '  |____| .__|_| |_|_| |_\__, | / / / /
 =========|_|==============|___/=/_/_/_/
 :: Spring Boot ::                (v2.5.2)

2021-06-27 20:47:23.945  INFO 3827 --- [    Test worker] c.g.g.GithubactionsApplicationTests      : Starting GithubactionsApplicationTests using Java 11.0.9 on MacBook-Pro.fios-router.home with PID 3827 (started by murali in /Users/murali/Documents/git/github-actions)
2021-06-27 20:47:23.947  INFO 3827 --- [    Test worker] c.g.g.GithubactionsApplicationTests      : No active profile set, falling back to default profiles: default
2021-06-27 20:47:24.845  INFO 3827 --- [    Test worker] c.g.g.GithubactionsApplicationTests      : Started GithubactionsApplicationTests in 1.093 seconds (JVM running for 1.867)
]]></system-out>
  <system-err><![CDATA[]]></system-err>
</testsuite>
